#
# A fatal error has been detected by the Java Runtime Environment:
#
#  EXCEPTION_ACCESS_VIOLATION (0xc0000005) at pc=0x00007ffa923bd0d9, pid=6340, tid=4596
#
# JRE version: OpenJDK Runtime Environment (11.0.12+7) (build 11.0.12+7-b1504.28-7817840)
# Java VM: OpenJDK 64-Bit Server VM (11.0.12+7-b1504.28-7817840, mixed mode, tiered, compressed oops, g1 gc, windows-amd64)
# Problematic frame:
# C  [nvoglv64.dll+0xcdd0d9]
#
# No core dump will be written. Minidumps are not enabled by default on client versions of Windows
#
# If you would like to submit a bug report, please visit:
#   https://bugreport.java.com/bugreport/crash.jsp
# The crash happened outside the Java Virtual Machine in native code.
# See problematic frame for where to report the bug.
#

---------------  S U M M A R Y ------------

Command Line: -Dfile.encoding=windows-1251 -Duser.country=RU -Duser.language=ru -Duser.variant com.mygdx.tanks2d.DesktopLauncher

Host: AMD Ryzen 5 1600X Six-Core Processor           , 12 cores, 15G,  Windows 10 , 64 bit Build 19041 (10.0.19041.1023)
Time: Tue Dec  6 22:08:13 2022 ќмское стандартное врем€ elapsed time: 3.717212 seconds (0d 0h 0m 3s)

---------------  T H R E A D  ---------------

Current thread (0x000002027dd38000):  JavaThread "main" [_thread_in_native, id=4596, stack(0x0000003b19600000,0x0000003b19700000)]

Stack: [0x0000003b19600000,0x0000003b19700000],  sp=0x0000003b196fe830,  free space=1018k
Native frames: (J=compiled Java code, j=interpreted, Vv=VM code, C=native code)
C  [nvoglv64.dll+0xcdd0d9]

Java frames: (J=compiled Java code, j=interpreted, Vv=VM code)
j  org.lwjgl.opengl.GL11C.nglDrawElements(IIIJ)V+0
J 1463 c1 com.badlogic.gdx.backends.lwjgl3.Lwjgl3GL20.glDrawElements(IIILjava/nio/Buffer;)V (232 bytes) @ 0x00000202042934f4 [0x0000020204291aa0+0x0000000000001a54]
J 1425 c1 com.badlogic.gdx.graphics.Mesh.render(Lcom/badlogic/gdx/graphics/glutils/ShaderProgram;IIIZ)V (323 bytes) @ 0x0000020204280884 [0x0000020204280340+0x0000000000000544]
J 1360 c1 com.badlogic.gdx.graphics.g2d.SpriteBatch.flush()V (193 bytes) @ 0x00000202042699ec [0x0000020204268a60+0x0000000000000f8c]
J 1434 c1 com.badlogic.gdx.graphics.g2d.SpriteBatch.draw(Lcom/badlogic/gdx/graphics/Texture;FFFF)V (279 bytes) @ 0x000002020428755c [0x0000020204287300+0x000000000000025c]
J 1433 c1 com.badlogic.gdx.graphics.g2d.SpriteBatch.draw(Lcom/badlogic/gdx/graphics/Texture;FF)V (18 bytes) @ 0x0000020204285ab4 [0x00000202042858e0+0x00000000000001d4]
j  com.mygdx.tanks2d.Screens.MenuScreen.render(F)V+210
j  com.badlogic.gdx.Game.render()V+19
j  com.badlogic.gdx.backends.lwjgl3.Lwjgl3Window.update()Z+187
j  com.badlogic.gdx.backends.lwjgl3.Lwjgl3Application.loop()V+111
j  com.badlogic.gdx.backends.lwjgl3.Lwjgl3Application.<init>(Lcom/badlogic/gdx/ApplicationListener;Lcom/badlogic/gdx/backends/lwjgl3/Lwjgl3ApplicationConfiguration;)V+269
j  com.mygdx.tanks2d.DesktopLauncher.main([Ljava/lang/String;)V+48
v  ~StubRoutines::call_stub

siginfo: EXCEPTION_ACCESS_VIOLATION (0xc0000005), reading address 0x00000202288b391a


Register to memory mapping:

RIP=0x00007ffa923bd0d9 nvoglv64.dll
RAX=0x000000029bdc975e is an unknown value
RBX=0x0000000000000001 is an unknown value
RCX=0x0 is NULL
RDX=0x0000001a169de9ac is an unknown value
RSP=0x0000003b196fe830 is pointing into the stack for thread: 0x000002027dd38000
RBP=0x0000000000000006 is an unknown value
RSI=0x0000000000000006 is an unknown value
RDI=0x0000000000001403 is an unknown value
R8 =0x00000000000033a0 is an unknown value
R9 =0x0 is NULL
R10=0x00000000546c6148 is an unknown value
R11=0x0000000a6024a0a6 is an unknown value
R12=0x0000000000000004 is an unknown value
R13=0x0000020223acc080 points into unknown readable memory: 0x0000000000000000 | 00 00 00 00 00 00 00 00
R14=0x00000202288b3910 is an unknown value
R15=0x0000020223acce58 points into unknown readable memory: 0x0000000000000004 | 04 00 00 00 00 00 00 00


Registers:
RAX=0x000000029bdc975e, RBX=0x0000000000000001, RCX=0x0000000000000000, RDX=0x0000001a169de9ac
RSP=0x0000003b196fe830, RBP=0x0000000000000006, RSI=0x0000000000000006, RDI=0x0000000000001403
R8 =0x00000000000033a0, R9 =0x0000000000000000, R10=0x00000000546c6148, R11=0x0000000a6024a0a6
R12=0x0000000000000004, R13=0x0000020223acc080, R14=0x00000202288b3910, R15=0x0000020223acce58
RIP=0x00007ffa923bd0d9, EFLAGS=0x0000000000010246

Top of Stack: (sp=0x0000003b196fe830)
0x0000003b196fe830:   0000000000000001 0000003b196feb20
0x0000003b196fe840:   000002027dd38000 0000003b196feb30
0x0000003b196fe850:   000002021fbbe668 000002022a4bb020
0x0000003b196fe860:   000002027dd38000 0000000000000000
0x0000003b196fe870:   0000000000000000 000002022a605100
0x0000003b196fe880:   0000020223acce58 00007ffa988bf228
0x0000003b196fe890:   0000000800073c30 00007ffa986a01ff
0x0000003b196fe8a0:   0000000000000016 00000202288b3910
0x0000003b196fe8b0:   0000003b196fea58 0000000000001403
0x0000003b196fe8c0:   0000000000000004 0000020223acc080
0x0000003b196fe8d0:   0000000000000006 0000003b196fea18
0x0000003b196fe8e0:   0000000000000000 00007ffa9201fd76
0x0000003b196fe8f0:   000002027bab7c90 00007ffa00000004
0x0000003b196fe900:   0000003b00000000 0000020200000000
0x0000003b196fe910:   0000003b0000000c 00007ffa00001403
0x0000003b196fe920:   00000202288b3910 0000020200000000 

Instructions: (pc=0x00007ffa923bd0d9)
0x00007ffa923bcfd9:   00 8b d5 4c 8b b4 24 f0 00 00 00 8b cf 45 8b 57
0x00007ffa923bcfe9:   14 41 8b 47 18 41 f7 d2 45 23 57 0c 41 0b c2 d1
0x00007ffa923bcff9:   e9 83 e1 03 4c 89 7c 24 50 d3 e2 f7 d0 41 23 47
0x00007ffa923bd009:   10 41 80 7f 1e 00 89 94 24 e0 00 00 00 0f 85 64
0x00007ffa923bd019:   08 00 00 41 80 bd 5c ec 55 00 00 0f 85 56 08 00
0x00007ffa923bd029:   00 85 ed 0f 8e 4e 08 00 00 41 83 f8 0e 0f 87 44
0x00007ffa923bd039:   08 00 00 41 3b 95 a8 ee 55 00 0f 8f 37 08 00 00
0x00007ffa923bd049:   41 83 7f 08 00 0f 85 2c 08 00 00 41 80 7f 1d 00
0x00007ffa923bd059:   0f 85 21 08 00 00 41 80 7f 1c 00 0f 85 16 08 00
0x00007ffa923bd069:   00 41 80 bd 65 38 55 00 00 0f 85 08 08 00 00 41
0x00007ffa923bd079:   80 bd 6c 38 55 00 00 0f 85 fa 07 00 00 a9 00 00
0x00007ffa923bd089:   03 00 0f 85 ef 07 00 00 44 0b d0 45 85 57 20 0f
0x00007ffa923bd099:   85 e2 07 00 00 bb 01 00 00 00 49 8d 8d 00 f0 55
0x00007ffa923bd0a9:   00 8b d3 e8 bf 93 e7 ff 81 ff 05 14 00 00 75 18
0x00007ffa923bd0b9:   41 8b 44 ae fc 4c 8d 65 ff 41 8b 0e 8b f8 3b c8
0x00007ffa923bd0c9:   0f 47 f9 0f 42 c1 eb 5b 81 ff 03 14 00 00 75 24
0x00007ffa923bd0d9:   41 0f b7 4c 6e fe 4c 8d 65 ff 41 0f b7 16 0f b7
0x00007ffa923bd0e9:   c1 66 3b d1 66 0f 47 c2 66 0f 42 ca 0f b7 f8 0f
0x00007ffa923bd0f9:   b7 c1 eb 2f 81 ff 01 14 00 00 0f 85 77 07 00 00
0x00007ffa923bd109:   42 0f b6 54 35 ff 4c 8d 65 ff 45 0f b6 06 8b ca
0x00007ffa923bd119:   44 3a c2 41 0f 47 c8 0f b6 f9 8b ca 41 0f 42 c8
0x00007ffa923bd129:   0f b6 c1 49 8b cf 8d 75 ff 2b f8 e8 47 0b 00 00
0x00007ffa923bd139:   45 8b 57 78 41 8b c2 0f af c7 44 89 94 24 c0 00
0x00007ffa923bd149:   00 00 41 3b 85 ac ee 55 00 0f 8f 21 07 00 00 8b
0x00007ffa923bd159:   84 24 e8 00 00 00 0f 29 74 24 60 3d 05 14 00 00
0x00007ffa923bd169:   0f 85 f6 00 00 00 45 8b 3e 41 8b ff 49 8d 56 04
0x00007ffa923bd179:   3b eb 0f 8e 70 03 00 00 83 fe 08 0f 82 b1 00 00
0x00007ffa923bd189:   00 83 3d af d3 1d 02 02 0f 8c a4 00 00 00 81 e6
0x00007ffa923bd199:   07 00 00 80 7d 07 ff ce 83 ce f8 ff c6 66 41 0f
0x00007ffa923bd1a9:   6e cf 8b c5 66 0f 70 c9 00 2b c6 66 0f 6f d9 66
0x00007ffa923bd1b9:   0f 6f e1 66 0f 6f d1 f3 0f 6f 02 83 c3 08 66 0f
0x00007ffa923bd1c9:   38 3b c8 66 0f 38 3f d0 f3 0f 6f 42 10 48 83 c2 


Stack slot to memory mapping:
stack at sp + 0 slots: 0x0000000000000001 is an unknown value
stack at sp + 1 slots: 0x0000003b196feb20 is pointing into the stack for thread: 0x000002027dd38000
stack at sp + 2 slots: 0x000002027dd38000 is a thread
stack at sp + 3 slots: 0x0000003b196feb30 is pointing into the stack for thread: 0x000002027dd38000
stack at sp + 4 slots: 0x000002021fbbe668 points into unknown readable memory: 0x4928e8b8ffff0005 | 05 00 ff ff b8 e8 28 49
stack at sp + 5 slots: {method} {0x000002022a4bb028} 'update' '(II)V' in 'com/badlogic/gdx/utils/viewport/Viewport'
stack at sp + 6 slots: 0x000002027dd38000 is a thread
stack at sp + 7 slots: 0x0 is NULL


---------------  P R O C E S S  ---------------

Threads class SMR info:
_java_thread_list=0x00000202207a94d0, length=14, elements={
0x000002027dd38000, 0x000002021fc68000, 0x000002021fc5f800, 0x000002022056a800,
0x000002022056b800, 0x000002022056d000, 0x0000020220570000, 0x000002022057c800,
0x000002022057e000, 0x0000020220713000, 0x0000020220e4e000, 0x0000020220e51000,
0x0000020220e4c000, 0x0000020220e50800
}

Java Threads: ( => current thread )
=>0x000002027dd38000 JavaThread "main" [_thread_in_native, id=4596, stack(0x0000003b19600000,0x0000003b19700000)]
  0x000002021fc68000 JavaThread "Reference Handler" daemon [_thread_blocked, id=8116, stack(0x0000003b19d00000,0x0000003b19e00000)]
  0x000002021fc5f800 JavaThread "Finalizer" daemon [_thread_blocked, id=3680, stack(0x0000003b19e00000,0x0000003b19f00000)]
  0x000002022056a800 JavaThread "Signal Dispatcher" daemon [_thread_blocked, id=1196, stack(0x0000003b19f00000,0x0000003b1a000000)]
  0x000002022056b800 JavaThread "Attach Listener" daemon [_thread_blocked, id=4020, stack(0x0000003b1a000000,0x0000003b1a100000)]
  0x000002022056d000 JavaThread "Service Thread" daemon [_thread_blocked, id=5584, stack(0x0000003b1a100000,0x0000003b1a200000)]
  0x0000020220570000 JavaThread "C2 CompilerThread0" daemon [_thread_blocked, id=6156, stack(0x0000003b1a200000,0x0000003b1a300000)]
  0x000002022057c800 JavaThread "C1 CompilerThread0" daemon [_thread_blocked, id=8088, stack(0x0000003b1a300000,0x0000003b1a400000)]
  0x000002022057e000 JavaThread "Sweeper thread" daemon [_thread_blocked, id=5740, stack(0x0000003b1a400000,0x0000003b1a500000)]
  0x0000020220713000 JavaThread "Common-Cleaner" daemon [_thread_blocked, id=1496, stack(0x0000003b1a600000,0x0000003b1a700000)]
  0x0000020220e4e000 JavaThread "Client" daemon [_thread_blocked, id=2052, stack(0x0000003b1a800000,0x0000003b1a900000)]
  0x0000020220e51000 JavaThread "Thread-0" [_thread_in_native, id=6640, stack(0x0000003b1a900000,0x0000003b1aa00000)]
  0x0000020220e4c000 JavaThread "AssetManager" daemon [_thread_blocked, id=1204, stack(0x0000003b1af00000,0x0000003b1b000000)]
  0x0000020220e50800 JavaThread "LWJGL3 Timer" daemon [_thread_blocked, id=4208, stack(0x0000003b1bb00000,0x0000003b1bc00000)]

Other Threads:
  0x0000020220519000 VMThread "VM Thread" [stack: 0x0000003b19c00000,0x0000003b19d00000] [id=2828]
  0x000002022070b000 WatcherThread [stack: 0x0000003b1a500000,0x0000003b1a600000] [id=4816]
  0x000002027dd4f800 GCTaskThread "GC Thread#0" [stack: 0x0000003b19700000,0x0000003b19800000] [id=3780]
  0x0000020220d40800 GCTaskThread "GC Thread#1" [stack: 0x0000003b1a700000,0x0000003b1a800000] [id=5024]
  0x0000020220df9800 GCTaskThread "GC Thread#2" [stack: 0x0000003b1ab00000,0x0000003b1ac00000] [id=4488]
  0x0000020220e17800 GCTaskThread "GC Thread#3" [stack: 0x0000003b1ac00000,0x0000003b1ad00000] [id=648]
  0x0000020220e43000 GCTaskThread "GC Thread#4" [stack: 0x0000003b1ad00000,0x0000003b1ae00000] [id=5868]
  0x00000202207a9000 GCTaskThread "GC Thread#5" [stack: 0x0000003b1ae00000,0x0000003b1af00000] [id=1592]
  0x000002027ddac000 ConcurrentGCThread "G1 Main Marker" [stack: 0x0000003b19800000,0x0000003b19900000] [id=4128]
  0x000002027ddae000 ConcurrentGCThread "G1 Conc#0" [stack: 0x0000003b19900000,0x0000003b19a00000] [id=7736]
  0x000002021fb3e000 ConcurrentGCThread "G1 Refine#0" [stack: 0x0000003b19a00000,0x0000003b19b00000] [id=7312]
  0x000002021fb3f000 ConcurrentGCThread "G1 Young RemSet Sampling" [stack: 0x0000003b19b00000,0x0000003b19c00000] [id=7468]

Threads with active compile tasks:

VM state:not at safepoint (normal execution)

VM Mutex/Monitor currently owned by a thread: None

Heap address: 0x0000000700c00000, size: 4084 MB, Compressed Oops mode: Zero based, Oop shift amount: 3
Narrow klass base: 0x0000000800000000, Narrow klass shift: 0
Compressed class space size: 1073741824 Address: 0x0000000800000000

Heap:
 garbage-first heap   total 262144K, used 38798K [0x0000000700c00000, 0x0000000800000000)
  region size 1024K, 35 young (35840K), 2 survivors (2048K)
 Metaspace       used 17369K, capacity 17634K, committed 17792K, reserved 1064960K
  class space    used 1542K, capacity 1603K, committed 1664K, reserved 1048576K
Heap Regions: E=young(eden), S=young(survivor), O=old, HS=humongous(starts), HC=humongous(continues), CS=collection set, F=free, A=archive, TAMS=top-at-mark-start (previous, next)
|   0|0x0000000700c00000, 0x0000000700d00000, 0x0000000700d00000|100%|HS|  |TAMS 0x0000000700c00000, 0x0000000700c00000| Complete 
|   1|0x0000000700d00000, 0x0000000700e00000, 0x0000000700e00000|100%|HS|  |TAMS 0x0000000700d00000, 0x0000000700d00000| Complete 
|   2|0x0000000700e00000, 0x0000000700f00000, 0x0000000700f00000|100%|HS|  |TAMS 0x0000000700e00000, 0x0000000700e00000| Complete 
|   3|0x0000000700f00000, 0x0000000701000000, 0x0000000701000000|100%|HC|  |TAMS 0x0000000700f00000, 0x0000000700f00000| Complete 
|   4|0x0000000701000000, 0x0000000701100000, 0x0000000701100000|100%|HS|  |TAMS 0x0000000701000000, 0x0000000701000000| Complete 
|   5|0x0000000701100000, 0x0000000701100000, 0x0000000701200000|  0%| F|  |TAMS 0x0000000701100000, 0x0000000701100000| Untracked 
|   6|0x0000000701200000, 0x0000000701200000, 0x0000000701300000|  0%| F|  |TAMS 0x0000000701200000, 0x0000000701200000| Untracked 
|   7|0x0000000701300000, 0x0000000701300000, 0x0000000701400000|  0%| F|  |TAMS 0x0000000701300000, 0x0000000701300000| Untracked 
|   8|0x0000000701400000, 0x0000000701400000, 0x0000000701500000|  0%| F|  |TAMS 0x0000000701400000, 0x0000000701400000| Untracked 
|   9|0x0000000701500000, 0x0000000701500000, 0x0000000701600000|  0%| F|  |TAMS 0x0000000701500000, 0x0000000701500000| Untracked 
|  10|0x0000000701600000, 0x0000000701600000, 0x0000000701700000|  0%| F|  |TAMS 0x0000000701600000, 0x0000000701600000| Untracked 
|  11|0x0000000701700000, 0x0000000701700000, 0x0000000701800000|  0%| F|  |TAMS 0x0000000701700000, 0x0000000701700000| Untracked 
|  12|0x0000000701800000, 0x0000000701800000, 0x0000000701900000|  0%| F|  |TAMS 0x0000000701800000, 0x0000000701800000| Untracked 
|  13|0x0000000701900000, 0x0000000701900000, 0x0000000701a00000|  0%| F|  |TAMS 0x0000000701900000, 0x0000000701900000| Untracked 
|  14|0x0000000701a00000, 0x0000000701a00000, 0x0000000701b00000|  0%| F|  |TAMS 0x0000000701a00000, 0x0000000701a00000| Untracked 
|  15|0x0000000701b00000, 0x0000000701b00000, 0x0000000701c00000|  0%| F|  |TAMS 0x0000000701b00000, 0x0000000701b00000| Untracked 
|  16|0x0000000701c00000, 0x0000000701c00000, 0x0000000701d00000|  0%| F|  |TAMS 0x0000000701c00000, 0x0000000701c00000| Untracked 
|  17|0x0000000701d00000, 0x0000000701d00000, 0x0000000701e00000|  0%| F|  |TAMS 0x0000000701d00000, 0x0000000701d00000| Untracked 
|  18|0x0000000701e00000, 0x0000000701e00000, 0x0000000701f00000|  0%| F|  |TAMS 0x0000000701e00000, 0x0000000701e00000| Untracked 
|  19|0x0000000701f00000, 0x0000000701f00000, 0x0000000702000000|  0%| F|  |TAMS 0x0000000701f00000, 0x0000000701f00000| Untracked 
|  20|0x0000000702000000, 0x0000000702000000, 0x0000000702100000|  0%| F|  |TAMS 0x0000000702000000, 0x0000000702000000| Untracked 
|  21|0x0000000702100000, 0x0000000702100000, 0x0000000702200000|  0%| F|  |TAMS 0x0000000702100000, 0x0000000702100000| Untracked 
|  22|0x0000000702200000, 0x0000000702200000, 0x0000000702300000|  0%| F|  |TAMS 0x0000000702200000, 0x0000000702200000| Untracked 
|  23|0x0000000702300000, 0x0000000702300000, 0x0000000702400000|  0%| F|  |TAMS 0x0000000702300000, 0x0000000702300000| Untracked 
|  24|0x0000000702400000, 0x0000000702400000, 0x0000000702500000|  0%| F|  |TAMS 0x0000000702400000, 0x0000000702400000| Untracked 
|  25|0x0000000702500000, 0x0000000702500000, 0x0000000702600000|  0%| F|  |TAMS 0x0000000702500000, 0x0000000702500000| Untracked 
|  26|0x0000000702600000, 0x0000000702600000, 0x0000000702700000|  0%| F|  |TAMS 0x0000000702600000, 0x0000000702600000| Untracked 
|  27|0x0000000702700000, 0x0000000702700000, 0x0000000702800000|  0%| F|  |TAMS 0x0000000702700000, 0x0000000702700000| Untracked 
|  28|0x0000000702800000, 0x0000000702800000, 0x0000000702900000|  0%| F|  |TAMS 0x0000000702800000, 0x0000000702800000| Untracked 
|  29|0x0000000702900000, 0x0000000702900000, 0x0000000702a00000|  0%| F|  |TAMS 0x0000000702900000, 0x0000000702900000| Untracked 
|  30|0x0000000702a00000, 0x0000000702a00000, 0x0000000702b00000|  0%| F|  |TAMS 0x0000000702a00000, 0x0000000702a00000| Untracked 
|  31|0x0000000702b00000, 0x0000000702b00000, 0x0000000702c00000|  0%| F|  |TAMS 0x0000000702b00000, 0x0000000702b00000| Untracked 
|  32|0x0000000702c00000, 0x0000000702c00000, 0x0000000702d00000|  0%| F|  |TAMS 0x0000000702c00000, 0x0000000702c00000| Untracked 
|  33|0x0000000702d00000, 0x0000000702d00000, 0x0000000702e00000|  0%| F|  |TAMS 0x0000000702d00000, 0x0000000702d00000| Untracked 
|  34|0x0000000702e00000, 0x0000000702e00000, 0x0000000702f00000|  0%| F|  |TAMS 0x0000000702e00000, 0x0000000702e00000| Untracked 
|  35|0x0000000702f00000, 0x0000000702f00000, 0x0000000703000000|  0%| F|  |TAMS 0x0000000702f00000, 0x0000000702f00000| Untracked 
|  36|0x0000000703000000, 0x0000000703000000, 0x0000000703100000|  0%| F|  |TAMS 0x0000000703000000, 0x0000000703000000| Untracked 
|  37|0x0000000703100000, 0x0000000703100000, 0x0000000703200000|  0%| F|  |TAMS 0x0000000703100000, 0x0000000703100000| Untracked 
|  38|0x0000000703200000, 0x0000000703200000, 0x0000000703300000|  0%| F|  |TAMS 0x0000000703200000, 0x0000000703200000| Untracked 
|  39|0x0000000703300000, 0x0000000703300000, 0x0000000703400000|  0%| F|  |TAMS 0x0000000703300000, 0x0000000703300000| Untracked 
|  40|0x0000000703400000, 0x0000000703400000, 0x0000000703500000|  0%| F|  |TAMS 0x0000000703400000, 0x0000000703400000| Untracked 
|  41|0x0000000703500000, 0x0000000703500000, 0x0000000703600000|  0%| F|  |TAMS 0x0000000703500000, 0x0000000703500000| Untracked 
|  42|0x0000000703600000, 0x0000000703600000, 0x0000000703700000|  0%| F|  |TAMS 0x0000000703600000, 0x0000000703600000| Untracked 
|  43|0x0000000703700000, 0x0000000703700000, 0x0000000703800000|  0%| F|  |TAMS 0x0000000703700000, 0x0000000703700000| Untracked 
|  44|0x0000000703800000, 0x0000000703800000, 0x0000000703900000|  0%| F|  |TAMS 0x0000000703800000, 0x0000000703800000| Untracked 
|  45|0x0000000703900000, 0x0000000703900000, 0x0000000703a00000|  0%| F|  |TAMS 0x0000000703900000, 0x0000000703900000| Untracked 
|  46|0x0000000703a00000, 0x0000000703a00000, 0x0000000703b00000|  0%| F|  |TAMS 0x0000000703a00000, 0x0000000703a00000| Untracked 
|  47|0x0000000703b00000, 0x0000000703b00000, 0x0000000703c00000|  0%| F|  |TAMS 0x0000000703b00000, 0x0000000703b00000| Untracked 
|  48|0x0000000703c00000, 0x0000000703c00000, 0x0000000703d00000|  0%| F|  |TAMS 0x0000000703c00000, 0x0000000703c00000| Untracked 
|  49|0x0000000703d00000, 0x0000000703d00000, 0x0000000703e00000|  0%| F|  |TAMS 0x0000000703d00000, 0x0000000703d00000| Untracked 
|  50|0x0000000703e00000, 0x0000000703e00000, 0x0000000703f00000|  0%| F|  |TAMS 0x0000000703e00000, 0x0000000703e00000| Untracked 
|  51|0x0000000703f00000, 0x0000000703f00000, 0x0000000704000000|  0%| F|  |TAMS 0x0000000703f00000, 0x0000000703f00000| Untracked 
|  52|0x0000000704000000, 0x0000000704000000, 0x0000000704100000|  0%| F|  |TAMS 0x0000000704000000, 0x0000000704000000| Untracked 
|  53|0x0000000704100000, 0x0000000704100000, 0x0000000704200000|  0%| F|  |TAMS 0x0000000704100000, 0x0000000704100000| Untracked 
|  54|0x0000000704200000, 0x0000000704200000, 0x0000000704300000|  0%| F|  |TAMS 0x0000000704200000, 0x0000000704200000| Untracked 
|  55|0x0000000704300000, 0x0000000704300000, 0x0000000704400000|  0%| F|  |TAMS 0x0000000704300000, 0x0000000704300000| Untracked 
|  56|0x0000000704400000, 0x0000000704400000, 0x0000000704500000|  0%| F|  |TAMS 0x0000000704400000, 0x0000000704400000| Untracked 
|  57|0x0000000704500000, 0x0000000704500000, 0x0000000704600000|  0%| F|  |TAMS 0x0000000704500000, 0x0000000704500000| Untracked 
|  58|0x0000000704600000, 0x0000000704600000, 0x0000000704700000|  0%| F|  |TAMS 0x0000000704600000, 0x0000000704600000| Untracked 
|  59|0x0000000704700000, 0x0000000704700000, 0x0000000704800000|  0%| F|  |TAMS 0x0000000704700000, 0x0000000704700000| Untracked 
|  60|0x0000000704800000, 0x0000000704800000, 0x0000000704900000|  0%| F|  |TAMS 0x0000000704800000, 0x0000000704800000| Untracked 
|  61|0x0000000704900000, 0x0000000704900000, 0x0000000704a00000|  0%| F|  |TAMS 0x0000000704900000, 0x0000000704900000| Untracked 
|  62|0x0000000704a00000, 0x0000000704a00000, 0x0000000704b00000|  0%| F|  |TAMS 0x0000000704a00000, 0x0000000704a00000| Untracked 
|  63|0x0000000704b00000, 0x0000000704b00000, 0x0000000704c00000|  0%| F|  |TAMS 0x0000000704b00000, 0x0000000704b00000| Untracked 
|  64|0x0000000704c00000, 0x0000000704c00000, 0x0000000704d00000|  0%| F|  |TAMS 0x0000000704c00000, 0x0000000704c00000| Untracked 
|  65|0x0000000704d00000, 0x0000000704d00000, 0x0000000704e00000|  0%| F|  |TAMS 0x0000000704d00000, 0x0000000704d00000| Untracked 
|  66|0x0000000704e00000, 0x0000000704e00000, 0x0000000704f00000|  0%| F|  |TAMS 0x0000000704e00000, 0x0000000704e00000| Untracked 
|  67|0x0000000704f00000, 0x0000000704f00000, 0x0000000705000000|  0%| F|  |TAMS 0x0000000704f00000, 0x0000000704f00000| Untracked 
|  68|0x0000000705000000, 0x0000000705000000, 0x0000000705100000|  0%| F|  |TAMS 0x0000000705000000, 0x0000000705000000| Untracked 
|  69|0x0000000705100000, 0x0000000705100000, 0x0000000705200000|  0%| F|  |TAMS 0x0000000705100000, 0x0000000705100000| Untracked 
|  70|0x0000000705200000, 0x0000000705200000, 0x0000000705300000|  0%| F|  |TAMS 0x0000000705200000, 0x0000000705200000| Untracked 
|  71|0x0000000705300000, 0x0000000705300000, 0x0000000705400000|  0%| F|  |TAMS 0x0000000705300000, 0x0000000705300000| Untracked 
|  72|0x0000000705400000, 0x0000000705400000, 0x0000000705500000|  0%| F|  |TAMS 0x0000000705400000, 0x0000000705400000| Untracked 
|  73|0x0000000705500000, 0x0000000705500000, 0x0000000705600000|  0%| F|  |TAMS 0x0000000705500000, 0x0000000705500000| Untracked 
|  74|0x0000000705600000, 0x0000000705600000, 0x0000000705700000|  0%| F|  |TAMS 0x0000000705600000, 0x0000000705600000| Untracked 
|  75|0x0000000705700000, 0x0000000705700000, 0x0000000705800000|  0%| F|  |TAMS 0x0000000705700000, 0x0000000705700000| Untracked 
|  76|0x0000000705800000, 0x0000000705800000, 0x0000000705900000|  0%| F|  |TAMS 0x0000000705800000, 0x0000000705800000| Untracked 
|  77|0x0000000705900000, 0x0000000705900000, 0x0000000705a00000|  0%| F|  |TAMS 0x0000000705900000, 0x0000000705900000| Untracked 
|  78|0x0000000705a00000, 0x0000000705a00000, 0x0000000705b00000|  0%| F|  |TAMS 0x0000000705a00000, 0x0000000705a00000| Untracked 
|  79|0x0000000705b00000, 0x0000000705b00000, 0x0000000705c00000|  0%| F|  |TAMS 0x0000000705b00000, 0x0000000705b00000| Untracked 
|  80|0x0000000705c00000, 0x0000000705c00000, 0x0000000705d00000|  0%| F|  |TAMS 0x0000000705c00000, 0x0000000705c00000| Untracked 
|  81|0x0000000705d00000, 0x0000000705d00000, 0x0000000705e00000|  0%| F|  |TAMS 0x0000000705d00000, 0x0000000705d00000| Untracked 
|  82|0x0000000705e00000, 0x0000000705e00000, 0x0000000705f00000|  0%| F|  |TAMS 0x0000000705e00000, 0x0000000705e00000| Untracked 
|  83|0x0000000705f00000, 0x0000000705f00000, 0x0000000706000000|  0%| F|  |TAMS 0x0000000705f00000, 0x0000000705f00000| Untracked 
|  84|0x0000000706000000, 0x0000000706000000, 0x0000000706100000|  0%| F|  |TAMS 0x0000000706000000, 0x0000000706000000| Untracked 
|  85|0x0000000706100000, 0x0000000706100000, 0x0000000706200000|  0%| F|  |TAMS 0x0000000706100000, 0x0000000706100000| Untracked 
|  86|0x0000000706200000, 0x0000000706200000, 0x0000000706300000|  0%| F|  |TAMS 0x0000000706200000, 0x0000000706200000| Untracked 
|  87|0x0000000706300000, 0x0000000706300000, 0x0000000706400000|  0%| F|  |TAMS 0x0000000706300000, 0x0000000706300000| Untracked 
|  88|0x0000000706400000, 0x0000000706400000, 0x0000000706500000|  0%| F|  |TAMS 0x0000000706400000, 0x0000000706400000| Untracked 
|  89|0x0000000706500000, 0x0000000706500000, 0x0000000706600000|  0%| F|  |TAMS 0x0000000706500000, 0x0000000706500000| Untracked 
|  90|0x0000000706600000, 0x0000000706600000, 0x0000000706700000|  0%| F|  |TAMS 0x0000000706600000, 0x0000000706600000| Untracked 
|  91|0x0000000706700000, 0x0000000706700000, 0x0000000706800000|  0%| F|  |TAMS 0x0000000706700000, 0x0000000706700000| Untracked 
|  92|0x0000000706800000, 0x0000000706800000, 0x0000000706900000|  0%| F|  |TAMS 0x0000000706800000, 0x0000000706800000| Untracked 
|  93|0x0000000706900000, 0x0000000706900000, 0x0000000706a00000|  0%| F|  |TAMS 0x0000000706900000, 0x0000000706900000| Untracked 
|  94|0x0000000706a00000, 0x0000000706a00000, 0x0000000706b00000|  0%| F|  |TAMS 0x0000000706a00000, 0x0000000706a00000| Untracked 
|  95|0x0000000706b00000, 0x0000000706b00000, 0x0000000706c00000|  0%| F|  |TAMS 0x0000000706b00000, 0x0000000706b00000| Untracked 
|  96|0x0000000706c00000, 0x0000000706c00000, 0x0000000706d00000|  0%| F|  |TAMS 0x0000000706c00000, 0x0000000706c00000| Untracked 
|  97|0x0000000706d00000, 0x0000000706d00000, 0x0000000706e00000|  0%| F|  |TAMS 0x0000000706d00000, 0x0000000706d00000| Untracked 
|  98|0x0000000706e00000, 0x0000000706e00000, 0x0000000706f00000|  0%| F|  |TAMS 0x0000000706e00000, 0x0000000706e00000| Untracked 
|  99|0x0000000706f00000, 0x0000000706f00000, 0x0000000707000000|  0%| F|  |TAMS 0x0000000706f00000, 0x0000000706f00000| Untracked 
| 100|0x0000000707000000, 0x0000000707000000, 0x0000000707100000|  0%| F|  |TAMS 0x0000000707000000, 0x0000000707000000| Untracked 
| 101|0x0000000707100000, 0x0000000707100000, 0x0000000707200000|  0%| F|  |TAMS 0x0000000707100000, 0x0000000707100000| Untracked 
| 102|0x0000000707200000, 0x0000000707200000, 0x0000000707300000|  0%| F|  |TAMS 0x0000000707200000, 0x0000000707200000| Untracked 
| 103|0x0000000707300000, 0x0000000707300000, 0x0000000707400000|  0%| F|  |TAMS 0x0000000707300000, 0x0000000707300000| Untracked 
| 104|0x0000000707400000, 0x0000000707400000, 0x0000000707500000|  0%| F|  |TAMS 0x0000000707400000, 0x0000000707400000| Untracked 
| 105|0x0000000707500000, 0x0000000707500000, 0x0000000707600000|  0%| F|  |TAMS 0x0000000707500000, 0x0000000707500000| Untracked 
| 106|0x0000000707600000, 0x0000000707600000, 0x0000000707700000|  0%| F|  |TAMS 0x0000000707600000, 0x0000000707600000| Untracked 
| 107|0x0000000707700000, 0x0000000707700000, 0x0000000707800000|  0%| F|  |TAMS 0x0000000707700000, 0x0000000707700000| Untracked 
| 108|0x0000000707800000, 0x0000000707800000, 0x0000000707900000|  0%| F|  |TAMS 0x0000000707800000, 0x0000000707800000| Untracked 
| 109|0x0000000707900000, 0x0000000707900000, 0x0000000707a00000|  0%| F|  |TAMS 0x0000000707900000, 0x0000000707900000| Untracked 
| 110|0x0000000707a00000, 0x0000000707a00000, 0x0000000707b00000|  0%| F|  |TAMS 0x0000000707a00000, 0x0000000707a00000| Untracked 
| 111|0x0000000707b00000, 0x0000000707b00000, 0x0000000707c00000|  0%| F|  |TAMS 0x0000000707b00000, 0x0000000707b00000| Untracked 
| 112|0x0000000707c00000, 0x0000000707c00000, 0x0000000707d00000|  0%| F|  |TAMS 0x0000000707c00000, 0x0000000707c00000| Untracked 
| 113|0x0000000707d00000, 0x0000000707d00000, 0x0000000707e00000|  0%| F|  |TAMS 0x0000000707d00000, 0x0000000707d00000| Untracked 
| 114|0x0000000707e00000, 0x0000000707e00000, 0x0000000707f00000|  0%| F|  |TAMS 0x0000000707e00000, 0x0000000707e00000| Untracked 
| 115|0x0000000707f00000, 0x0000000707f00000, 0x0000000708000000|  0%| F|  |TAMS 0x0000000707f00000, 0x0000000707f00000| Untracked 
| 116|0x0000000708000000, 0x0000000708000000, 0x0000000708100000|  0%| F|  |TAMS 0x0000000708000000, 0x0000000708000000| Untracked 
| 117|0x0000000708100000, 0x0000000708100000, 0x0000000708200000|  0%| F|  |TAMS 0x0000000708100000, 0x0000000708100000| Untracked 
| 118|0x0000000708200000, 0x0000000708200000, 0x0000000708300000|  0%| F|  |TAMS 0x0000000708200000, 0x0000000708200000| Untracked 
| 119|0x0000000708300000, 0x0000000708300000, 0x0000000708400000|  0%| F|  |TAMS 0x0000000708300000, 0x0000000708300000| Untracked 
| 120|0x0000000708400000, 0x0000000708400000, 0x0000000708500000|  0%| F|  |TAMS 0x0000000708400000, 0x0000000708400000| Untracked 
| 121|0x0000000708500000, 0x0000000708500000, 0x0000000708600000|  0%| F|  |TAMS 0x0000000708500000, 0x0000000708500000| Untracked 
| 122|0x0000000708600000, 0x0000000708600000, 0x0000000708700000|  0%| F|  |TAMS 0x0000000708600000, 0x0000000708600000| Untracked 
| 123|0x0000000708700000, 0x0000000708700000, 0x0000000708800000|  0%| F|  |TAMS 0x0000000708700000, 0x0000000708700000| Untracked 
| 124|0x0000000708800000, 0x0000000708800000, 0x0000000708900000|  0%| F|  |TAMS 0x0000000708800000, 0x0000000708800000| Untracked 
| 125|0x0000000708900000, 0x0000000708900000, 0x0000000708a00000|  0%| F|  |TAMS 0x0000000708900000, 0x0000000708900000| Untracked 
| 126|0x0000000708a00000, 0x0000000708a00000, 0x0000000708b00000|  0%| F|  |TAMS 0x0000000708a00000, 0x0000000708a00000| Untracked 
| 127|0x0000000708b00000, 0x0000000708b00000, 0x0000000708c00000|  0%| F|  |TAMS 0x0000000708b00000, 0x0000000708b00000| Untracked 
| 128|0x0000000708c00000, 0x0000000708c00000, 0x0000000708d00000|  0%| F|  |TAMS 0x0000000708c00000, 0x0000000708c00000| Untracked 
| 129|0x0000000708d00000, 0x0000000708d00000, 0x0000000708e00000|  0%| F|  |TAMS 0x0000000708d00000, 0x0000000708d00000| Untracked 
| 130|0x0000000708e00000, 0x0000000708e00000, 0x0000000708f00000|  0%| F|  |TAMS 0x0000000708e00000, 0x0000000708e00000| Untracked 
| 131|0x0000000708f00000, 0x0000000708f00000, 0x0000000709000000|  0%| F|  |TAMS 0x0000000708f00000, 0x0000000708f00000| Untracked 
| 132|0x0000000709000000, 0x0000000709000000, 0x0000000709100000|  0%| F|  |TAMS 0x0000000709000000, 0x0000000709000000| Untracked 
| 133|0x0000000709100000, 0x0000000709100000, 0x0000000709200000|  0%| F|  |TAMS 0x0000000709100000, 0x0000000709100000| Untracked 
| 134|0x0000000709200000, 0x0000000709200000, 0x0000000709300000|  0%| F|  |TAMS 0x0000000709200000, 0x0000000709200000| Untracked 
| 135|0x0000000709300000, 0x0000000709300000, 0x0000000709400000|  0%| F|  |TAMS 0x0000000709300000, 0x0000000709300000| Untracked 
| 136|0x0000000709400000, 0x0000000709400000, 0x0000000709500000|  0%| F|  |TAMS 0x0000000709400000, 0x0000000709400000| Untracked 
| 137|0x0000000709500000, 0x0000000709500000, 0x0000000709600000|  0%| F|  |TAMS 0x0000000709500000, 0x0000000709500000| Untracked 
| 138|0x0000000709600000, 0x0000000709600000, 0x0000000709700000|  0%| F|  |TAMS 0x0000000709600000, 0x0000000709600000| Untracked 
| 139|0x0000000709700000, 0x0000000709700000, 0x0000000709800000|  0%| F|  |TAMS 0x0000000709700000, 0x0000000709700000| Untracked 
| 140|0x0000000709800000, 0x0000000709800000, 0x0000000709900000|  0%| F|  |TAMS 0x0000000709800000, 0x0000000709800000| Untracked 
| 141|0x0000000709900000, 0x0000000709900000, 0x0000000709a00000|  0%| F|  |TAMS 0x0000000709900000, 0x0000000709900000| Untracked 
| 142|0x0000000709a00000, 0x0000000709a00000, 0x0000000709b00000|  0%| F|  |TAMS 0x0000000709a00000, 0x0000000709a00000| Untracked 
| 143|0x0000000709b00000, 0x0000000709b00000, 0x0000000709c00000|  0%| F|  |TAMS 0x0000000709b00000, 0x0000000709b00000| Untracked 
| 144|0x0000000709c00000, 0x0000000709c00000, 0x0000000709d00000|  0%| F|  |TAMS 0x0000000709c00000, 0x0000000709c00000| Untracked 
| 145|0x0000000709d00000, 0x0000000709d00000, 0x0000000709e00000|  0%| F|  |TAMS 0x0000000709d00000, 0x0000000709d00000| Untracked 
| 146|0x0000000709e00000, 0x0000000709e00000, 0x0000000709f00000|  0%| F|  |TAMS 0x0000000709e00000, 0x0000000709e00000| Untracked 
| 147|0x0000000709f00000, 0x0000000709f00000, 0x000000070a000000|  0%| F|  |TAMS 0x0000000709f00000, 0x0000000709f00000| Untracked 
| 148|0x000000070a000000, 0x000000070a000000, 0x000000070a100000|  0%| F|  |TAMS 0x000000070a000000, 0x000000070a000000| Untracked 
| 149|0x000000070a100000, 0x000000070a100000, 0x000000070a200000|  0%| F|  |TAMS 0x000000070a100000, 0x000000070a100000| Untracked 
| 150|0x000000070a200000, 0x000000070a200000, 0x000000070a300000|  0%| F|  |TAMS 0x000000070a200000, 0x000000070a200000| Untracked 
| 151|0x000000070a300000, 0x000000070a300000, 0x000000070a400000|  0%| F|  |TAMS 0x000000070a300000, 0x000000070a300000| Untracked 
| 152|0x000000070a400000, 0x000000070a400000, 0x000000070a500000|  0%| F|  |TAMS 0x000000070a400000, 0x000000070a400000| Untracked 
| 153|0x000000070a500000, 0x000000070a500000, 0x000000070a600000|  0%| F|  |TAMS 0x000000070a500000, 0x000000070a500000| Untracked 
| 154|0x000000070a600000, 0x000000070a600000, 0x000000070a700000|  0%| F|  |TAMS 0x000000070a600000, 0x000000070a600000| Untracked 
| 155|0x000000070a700000, 0x000000070a700000, 0x000000070a800000|  0%| F|  |TAMS 0x000000070a700000, 0x000000070a700000| Untracked 
| 156|0x000000070a800000, 0x000000070a800000, 0x000000070a900000|  0%| F|  |TAMS 0x000000070a800000, 0x000000070a800000| Untracked 
| 157|0x000000070a900000, 0x000000070a900000, 0x000000070aa00000|  0%| F|  |TAMS 0x000000070a900000, 0x000000070a900000| Untracked 
| 158|0x000000070aa00000, 0x000000070aa00000, 0x000000070ab00000|  0%| F|  |TAMS 0x000000070aa00000, 0x000000070aa00000| Untracked 
| 159|0x000000070ab00000, 0x000000070ab00000, 0x000000070ac00000|  0%| F|  |TAMS 0x000000070ab00000, 0x000000070ab00000| Untracked 
| 160|0x000000070ac00000, 0x000000070ac00000, 0x000000070ad00000|  0%| F|  |TAMS 0x000000070ac00000, 0x000000070ac00000| Untracked 
| 161|0x000000070ad00000, 0x000000070ad00000, 0x000000070ae00000|  0%| F|  |TAMS 0x000000070ad00000, 0x000000070ad00000| Untracked 
| 162|0x000000070ae00000, 0x000000070ae00000, 0x000000070af00000|  0%| F|  |TAMS 0x000000070ae00000, 0x000000070ae00000| Untracked 
| 163|0x000000070af00000, 0x000000070af00000, 0x000000070b000000|  0%| F|  |TAMS 0x000000070af00000, 0x000000070af00000| Untracked 
| 164|0x000000070b000000, 0x000000070b000000, 0x000000070b100000|  0%| F|  |TAMS 0x000000070b000000, 0x000000070b000000| Untracked 
| 165|0x000000070b100000, 0x000000070b100000, 0x000000070b200000|  0%| F|  |TAMS 0x000000070b100000, 0x000000070b100000| Untracked 
| 166|0x000000070b200000, 0x000000070b200000, 0x000000070b300000|  0%| F|  |TAMS 0x000000070b200000, 0x000000070b200000| Untracked 
| 167|0x000000070b300000, 0x000000070b300000, 0x000000070b400000|  0%| F|  |TAMS 0x000000070b300000, 0x000000070b300000| Untracked 
| 168|0x000000070b400000, 0x000000070b400000, 0x000000070b500000|  0%| F|  |TAMS 0x000000070b400000, 0x000000070b400000| Untracked 
| 169|0x000000070b500000, 0x000000070b500000, 0x000000070b600000|  0%| F|  |TAMS 0x000000070b500000, 0x000000070b500000| Untracked 
| 170|0x000000070b600000, 0x000000070b600000, 0x000000070b700000|  0%| F|  |TAMS 0x000000070b600000, 0x000000070b600000| Untracked 
| 171|0x000000070b700000, 0x000000070b700000, 0x000000070b800000|  0%| F|  |TAMS 0x000000070b700000, 0x000000070b700000| Untracked 
| 172|0x000000070b800000, 0x000000070b800000, 0x000000070b900000|  0%| F|  |TAMS 0x000000070b800000, 0x000000070b800000| Untracked 
| 173|0x000000070b900000, 0x000000070b900000, 0x000000070ba00000|  0%| F|  |TAMS 0x000000070b900000, 0x000000070b900000| Untracked 
| 174|0x000000070ba00000, 0x000000070ba00000, 0x000000070bb00000|  0%| F|  |TAMS 0x000000070ba00000, 0x000000070ba00000| Untracked 
| 175|0x000000070bb00000, 0x000000070bb00000, 0x000000070bc00000|  0%| F|  |TAMS 0x000000070bb00000, 0x000000070bb00000| Untracked 
| 176|0x000000070bc00000, 0x000000070bc00000, 0x000000070bd00000|  0%| F|  |TAMS 0x000000070bc00000, 0x000000070bc00000| Untracked 
| 177|0x000000070bd00000, 0x000000070bd00000, 0x000000070be00000|  0%| F|  |TAMS 0x000000070bd00000, 0x000000070bd00000| Untracked 
| 178|0x000000070be00000, 0x000000070be00000, 0x000000070bf00000|  0%| F|  |TAMS 0x000000070be00000, 0x000000070be00000| Untracked 
| 179|0x000000070bf00000, 0x000000070bf00000, 0x000000070c000000|  0%| F|  |TAMS 0x000000070bf00000, 0x000000070bf00000| Untracked 
| 180|0x000000070c000000, 0x000000070c000000, 0x000000070c100000|  0%| F|  |TAMS 0x000000070c000000, 0x000000070c000000| Untracked 
| 181|0x000000070c100000, 0x000000070c100000, 0x000000070c200000|  0%| F|  |TAMS 0x000000070c100000, 0x000000070c100000| Untracked 
| 182|0x000000070c200000, 0x000000070c200000, 0x000000070c300000|  0%| F|  |TAMS 0x000000070c200000, 0x000000070c200000| Untracked 
| 183|0x000000070c300000, 0x000000070c300000, 0x000000070c400000|  0%| F|  |TAMS 0x000000070c300000, 0x000000070c300000| Untracked 
| 184|0x000000070c400000, 0x000000070c400000, 0x000000070c500000|  0%| F|  |TAMS 0x000000070c400000, 0x000000070c400000| Untracked 
| 185|0x000000070c500000, 0x000000070c500000, 0x000000070c600000|  0%| F|  |TAMS 0x000000070c500000, 0x000000070c500000| Untracked 
| 186|0x000000070c600000, 0x000000070c600000, 0x000000070c700000|  0%| F|  |TAMS 0x000000070c600000, 0x000000070c600000| Untracked 
| 187|0x000000070c700000, 0x000000070c700000, 0x000000070c800000|  0%| F|  |TAMS 0x000000070c700000, 0x000000070c700000| Untracked 
| 188|0x000000070c800000, 0x000000070c800000, 0x000000070c900000|  0%| F|  |TAMS 0x000000070c800000, 0x000000070c800000| Untracked 
| 189|0x000000070c900000, 0x000000070c900000, 0x000000070ca00000|  0%| F|  |TAMS 0x000000070c900000, 0x000000070c900000| Untracked 
| 190|0x000000070ca00000, 0x000000070ca00000, 0x000000070cb00000|  0%| F|  |TAMS 0x000000070ca00000, 0x000000070ca00000| Untracked 
| 191|0x000000070cb00000, 0x000000070cb00000, 0x000000070cc00000|  0%| F|  |TAMS 0x000000070cb00000, 0x000000070cb00000| Untracked 
| 192|0x000000070cc00000, 0x000000070cc00000, 0x000000070cd00000|  0%| F|  |TAMS 0x000000070cc00000, 0x000000070cc00000| Untracked 
| 193|0x000000070cd00000, 0x000000070cd00000, 0x000000070ce00000|  0%| F|  |TAMS 0x000000070cd00000, 0x000000070cd00000| Untracked 
| 194|0x000000070ce00000, 0x000000070ce00000, 0x000000070cf00000|  0%| F|  |TAMS 0x000000070ce00000, 0x000000070ce00000| Untracked 
| 195|0x000000070cf00000, 0x000000070cf00000, 0x000000070d000000|  0%| F|  |TAMS 0x000000070cf00000, 0x000000070cf00000| Untracked 
| 196|0x000000070d000000, 0x000000070d000000, 0x000000070d100000|  0%| F|  |TAMS 0x000000070d000000, 0x000000070d000000| Untracked 
| 197|0x000000070d100000, 0x000000070d100000, 0x000000070d200000|  0%| F|  |TAMS 0x000000070d100000, 0x000000070d100000| Untracked 
| 198|0x000000070d200000, 0x000000070d200000, 0x000000070d300000|  0%| F|  |TAMS 0x000000070d200000, 0x000000070d200000| Untracked 
| 199|0x000000070d300000, 0x000000070d300000, 0x000000070d400000|  0%| F|  |TAMS 0x000000070d300000, 0x000000070d300000| Untracked 
| 200|0x000000070d400000, 0x000000070d400000, 0x000000070d500000|  0%| F|  |TAMS 0x000000070d400000, 0x000000070d400000| Untracked 
| 201|0x000000070d500000, 0x000000070d500000, 0x000000070d600000|  0%| F|  |TAMS 0x000000070d500000, 0x000000070d500000| Untracked 
| 202|0x000000070d600000, 0x000000070d600000, 0x000000070d700000|  0%| F|  |TAMS 0x000000070d600000, 0x000000070d600000| Untracked 
| 203|0x000000070d700000, 0x000000070d700000, 0x000000070d800000|  0%| F|  |TAMS 0x000000070d700000, 0x000000070d700000| Untracked 
| 204|0x000000070d800000, 0x000000070d800000, 0x000000070d900000|  0%| F|  |TAMS 0x000000070d800000, 0x000000070d800000| Untracked 
| 205|0x000000070d900000, 0x000000070d900000, 0x000000070da00000|  0%| F|  |TAMS 0x000000070d900000, 0x000000070d900000| Untracked 
| 206|0x000000070da00000, 0x000000070da00000, 0x000000070db00000|  0%| F|  |TAMS 0x000000070da00000, 0x000000070da00000| Untracked 
| 207|0x000000070db00000, 0x000000070db00000, 0x000000070dc00000|  0%| F|  |TAMS 0x000000070db00000, 0x000000070db00000| Untracked 
| 208|0x000000070dc00000, 0x000000070dc00000, 0x000000070dd00000|  0%| F|  |TAMS 0x000000070dc00000, 0x000000070dc00000| Untracked 
| 209|0x000000070dd00000, 0x000000070dd00000, 0x000000070de00000|  0%| F|  |TAMS 0x000000070dd00000, 0x000000070dd00000| Untracked 
| 210|0x000000070de00000, 0x000000070de00000, 0x000000070df00000|  0%| F|  |TAMS 0x000000070de00000, 0x000000070de00000| Untracked 
| 211|0x000000070df00000, 0x000000070df00000, 0x000000070e000000|  0%| F|  |TAMS 0x000000070df00000, 0x000000070df00000| Untracked 
| 212|0x000000070e000000, 0x000000070e000000, 0x000000070e100000|  0%| F|  |TAMS 0x000000070e000000, 0x000000070e000000| Untracked 
| 213|0x000000070e100000, 0x000000070e100000, 0x000000070e200000|  0%| F|  |TAMS 0x000000070e100000, 0x000000070e100000| Untracked 
| 214|0x000000070e200000, 0x000000070e200000, 0x000000070e300000|  0%| F|  |TAMS 0x000000070e200000, 0x000000070e200000| Untracked 
| 215|0x000000070e300000, 0x000000070e300000, 0x000000070e400000|  0%| F|  |TAMS 0x000000070e300000, 0x000000070e300000| Untracked 
| 216|0x000000070e400000, 0x000000070e400000, 0x000000070e500000|  0%| F|  |TAMS 0x000000070e400000, 0x000000070e400000| Untracked 
| 217|0x000000070e500000, 0x000000070e500000, 0x000000070e600000|  0%| F|  |TAMS 0x000000070e500000, 0x000000070e500000| Untracked 
| 218|0x000000070e600000, 0x000000070e600000, 0x000000070e700000|  0%| F|  |TAMS 0x000000070e600000, 0x000000070e600000| Untracked 
| 219|0x000000070e700000, 0x000000070e700000, 0x000000070e800000|  0%| F|  |TAMS 0x000000070e700000, 0x000000070e700000| Untracked 
| 220|0x000000070e800000, 0x000000070e800000, 0x000000070e900000|  0%| F|  |TAMS 0x000000070e800000, 0x000000070e800000| Untracked 
| 221|0x000000070e900000, 0x000000070e980800, 0x000000070ea00000| 50%| E|  |TAMS 0x000000070e900000, 0x000000070e900000| Complete 
| 222|0x000000070ea00000, 0x000000070eb00000, 0x000000070eb00000|100%| E|CS|TAMS 0x000000070ea00000, 0x000000070ea00000| Complete 
| 223|0x000000070eb00000, 0x000000070ec00000, 0x000000070ec00000|100%| E|CS|TAMS 0x000000070eb00000, 0x000000070eb00000| Complete 
| 224|0x000000070ec00000, 0x000000070ed00000, 0x000000070ed00000|100%| E|CS|TAMS 0x000000070ec00000, 0x000000070ec00000| Complete 
| 225|0x000000070ed00000, 0x000000070ee00000, 0x000000070ee00000|100%| E|CS|TAMS 0x000000070ed00000, 0x000000070ed00000| Complete 
| 226|0x000000070ee00000, 0x000000070ef00000, 0x000000070ef00000|100%| E|CS|TAMS 0x000000070ee00000, 0x000000070ee00000| Complete 
| 227|0x000000070ef00000, 0x000000070f000000, 0x000000070f000000|100%| E|CS|TAMS 0x000000070ef00000, 0x000000070ef00000| Complete 
| 228|0x000000070f000000, 0x000000070f100000, 0x000000070f100000|100%| E|CS|TAMS 0x000000070f000000, 0x000000070f000000| Complete 
| 229|0x000000070f100000, 0x000000070f200000, 0x000000070f200000|100%| E|CS|TAMS 0x000000070f100000, 0x000000070f100000| Complete 
| 230|0x000000070f200000, 0x000000070f2e3968, 0x000000070f300000| 88%| S|CS|TAMS 0x000000070f200000, 0x000000070f200000| Complete 
| 231|0x000000070f300000, 0x000000070f400000, 0x000000070f400000|100%| S|CS|TAMS 0x000000070f300000, 0x000000070f300000| Complete 
| 232|0x000000070f400000, 0x000000070f500000, 0x000000070f500000|100%| E|CS|TAMS 0x000000070f400000, 0x000000070f400000| Complete 
| 233|0x000000070f500000, 0x000000070f600000, 0x000000070f600000|100%| E|CS|TAMS 0x000000070f500000, 0x000000070f500000| Complete 
| 234|0x000000070f600000, 0x000000070f700000, 0x000000070f700000|100%| E|CS|TAMS 0x000000070f600000, 0x000000070f600000| Complete 
| 235|0x000000070f700000, 0x000000070f800000, 0x000000070f800000|100%| E|CS|TAMS 0x000000070f700000, 0x000000070f700000| Complete 
| 236|0x000000070f800000, 0x000000070f900000, 0x000000070f900000|100%| E|CS|TAMS 0x000000070f800000, 0x000000070f800000| Complete 
| 237|0x000000070f900000, 0x000000070fa00000, 0x000000070fa00000|100%| E|CS|TAMS 0x000000070f900000, 0x000000070f900000| Complete 
| 238|0x000000070fa00000, 0x000000070fb00000, 0x000000070fb00000|100%| E|CS|TAMS 0x000000070fa00000, 0x000000070fa00000| Complete 
| 239|0x000000070fb00000, 0x000000070fc00000, 0x000000070fc00000|100%| E|  |TAMS 0x000000070fb00000, 0x000000070fb00000| Complete 
| 240|0x000000070fc00000, 0x000000070fd00000, 0x000000070fd00000|100%| E|CS|TAMS 0x000000070fc00000, 0x000000070fc00000| Complete 
| 241|0x000000070fd00000, 0x000000070fe00000, 0x000000070fe00000|100%| E|CS|TAMS 0x000000070fd00000, 0x000000070fd00000| Complete 
| 242|0x000000070fe00000, 0x000000070ff00000, 0x000000070ff00000|100%| E|CS|TAMS 0x000000070fe00000, 0x000000070fe00000| Complete 
| 243|0x000000070ff00000, 0x0000000710000000, 0x0000000710000000|100%| E|CS|TAMS 0x000000070ff00000, 0x000000070ff00000| Complete 
| 244|0x0000000710000000, 0x0000000710100000, 0x0000000710100000|100%| E|CS|TAMS 0x0000000710000000, 0x0000000710000000| Complete 
| 245|0x0000000710100000, 0x0000000710200000, 0x0000000710200000|100%| E|CS|TAMS 0x0000000710100000, 0x0000000710100000| Complete 
| 246|0x0000000710200000, 0x0000000710300000, 0x0000000710300000|100%| E|CS|TAMS 0x0000000710200000, 0x0000000710200000| Complete 
| 247|0x0000000710300000, 0x0000000710400000, 0x0000000710400000|100%| E|CS|TAMS 0x0000000710300000, 0x0000000710300000| Complete 
| 248|0x0000000710400000, 0x0000000710500000, 0x0000000710500000|100%| E|CS|TAMS 0x0000000710400000, 0x0000000710400000| Complete 
| 249|0x0000000710500000, 0x0000000710600000, 0x0000000710600000|100%| E|CS|TAMS 0x0000000710500000, 0x0000000710500000| Complete 
| 250|0x0000000710600000, 0x0000000710700000, 0x0000000710700000|100%| E|CS|TAMS 0x0000000710600000, 0x0000000710600000| Complete 
| 251|0x0000000710700000, 0x0000000710800000, 0x0000000710800000|100%| E|CS|TAMS 0x0000000710700000, 0x0000000710700000| Complete 
| 252|0x0000000710800000, 0x0000000710900000, 0x0000000710900000|100%| E|CS|TAMS 0x0000000710800000, 0x0000000710800000| Complete 
| 253|0x0000000710900000, 0x0000000710a00000, 0x0000000710a00000|100%| E|CS|TAMS 0x0000000710900000, 0x0000000710900000| Complete 
| 254|0x0000000710a00000, 0x0000000710b00000, 0x0000000710b00000|100%| E|CS|TAMS 0x0000000710a00000, 0x0000000710a00000| Complete 
| 255|0x0000000710b00000, 0x0000000710c00000, 0x0000000710c00000|100%| E|CS|TAMS 0x0000000710b00000, 0x0000000710b00000| Complete 

Card table byte_map: [0x0000020213f10000,0x0000020214710000] _byte_map_base: 0x000002021070a000

Marking Bits (Prev, Next): (CMBitMap*) 0x000002027dd99fa8, (CMBitMap*) 0x000002027dd99fe0
 Prev Bits: [0x0000020214f10000, 0x0000020218ee0000)
 Next Bits: [0x0000020218ee0000, 0x000002021ceb0000)

Polling page: 0x0000020200000000

Metaspace:

Usage:
  Non-class:     15.66 MB capacity,    15.46 MB ( 99%) used,   184.30 KB (  1%) free+waste,    20.19 KB ( <1%) overhead. 
      Class:      1.57 MB capacity,     1.51 MB ( 96%) used,    52.28 KB (  3%) free+waste,     7.88 KB ( <1%) overhead. 
       Both:     17.22 MB capacity,    16.96 MB ( 98%) used,   236.58 KB (  1%) free+waste,    28.06 KB ( <1%) overhead. 

Virtual space:
  Non-class space:       16.00 MB reserved,      15.75 MB ( 98%) committed 
      Class space:        1.00 GB reserved,       1.63 MB ( <1%) committed 
             Both:        1.02 GB reserved,      17.38 MB (  2%) committed 

Chunk freelists:
   Non-Class:  97.00 KB
       Class:  29.00 KB
        Both:  126.00 KB

MaxMetaspaceSize: 17179869184.00 GB
CompressedClassSpaceSize: 1.00 GB
Initial GC threshold: 20.80 MB
Current GC threshold: 20.80 MB
CDS: off

CodeHeap 'non-profiled nmethods': size=120000Kb used=871Kb max_used=871Kb free=119128Kb
 bounds [0x000002020b520000, 0x000002020b790000, 0x0000020212a50000]
CodeHeap 'profiled nmethods': size=120000Kb used=2766Kb max_used=2766Kb free=117233Kb
 bounds [0x0000020203ff0000, 0x00000202042b0000, 0x000002020b520000]
CodeHeap 'non-nmethods': size=5760Kb used=1627Kb max_used=1643Kb free=4132Kb
 bounds [0x0000020203a50000, 0x0000020203cc0000, 0x0000020203ff0000]
 total_blobs=2528 nmethods=1497 adapters=944
 compilation: enabled
              stopped_count=0, restarted_count=0
 full_count=0

Compilation events (20 events):
Event: 3.707 Thread 0x000002022057c800 1489       3       com.mygdx.tanks2d.ParticleEffect.Garbage::<init> (42 bytes)
Event: 3.707 Thread 0x000002022057c800 nmethod 1489 0x000002020429fe10 code [0x00000202042a0000, 0x00000202042a0478]
Event: 3.708 Thread 0x000002022057c800 1490       3       com.badlogic.gdx.math.RandomXS128::nextLong (43 bytes)
Event: 3.708 Thread 0x000002022057c800 nmethod 1490 0x00000202042a0610 code [0x00000202042a07c0, 0x00000202042a08f8]
Event: 3.708 Thread 0x000002022057c800 1493       3       com.badlogic.gdx.math.RandomXS128::nextLong (47 bytes)
Event: 3.708 Thread 0x000002022057c800 nmethod 1493 0x00000202042a0990 code [0x00000202042a0b80, 0x00000202042a0ed8]
Event: 3.708 Thread 0x000002022057c800 1494       3       com.badlogic.gdx.math.MathUtils::random (14 bytes)
Event: 3.708 Thread 0x000002022057c800 nmethod 1494 0x00000202042a1010 code [0x00000202042a11c0, 0x00000202042a1388]
Event: 3.708 Thread 0x000002022057c800 1491       3       com.badlogic.gdx.math.RandomXS128::nextInt (8 bytes)
Event: 3.709 Thread 0x000002022057c800 nmethod 1491 0x00000202042a1490 code [0x00000202042a1640, 0x00000202042a1788]
Event: 3.709 Thread 0x000002022057c800 1492       3       com.badlogic.gdx.math.Vector3::<init> (13 bytes)
Event: 3.709 Thread 0x000002022057c800 nmethod 1492 0x00000202042a1810 code [0x00000202042a19c0, 0x00000202042a1b98]
Event: 3.709 Thread 0x000002022057c800 1495       3       com.badlogic.gdx.graphics.Color::<init> (5 bytes)
Event: 3.709 Thread 0x000002022057c800 nmethod 1495 0x00000202042a1c90 code [0x00000202042a1e40, 0x00000202042a1f98]
Event: 3.709 Thread 0x000002022057c800 1496       3       com.mygdx.tanks2d.ParticleEffect.ParticleSmoke::<init> (69 bytes)
Event: 3.709 Thread 0x000002022057c800 nmethod 1496 0x00000202042a2090 code [0x00000202042a2280, 0x00000202042a2898]
Event: 3.710 Thread 0x000002022057c800 1497       3       com.badlogic.gdx.math.MathUtils::random (10 bytes)
Event: 3.710 Thread 0x000002022057c800 nmethod 1497 0x00000202042a2a90 code [0x00000202042a2c40, 0x00000202042a2e08]
Event: 3.710 Thread 0x000002022057c800 1498       3       com.mygdx.tanks2d.ParticleEffect.StereoSmoke.Flying_stereo_elements_base::<init> (66 bytes)
Event: 3.710 Thread 0x000002022057c800 nmethod 1498 0x00000202042a2f10 code [0x00000202042a3100, 0x00000202042a36a8]

GC Heap History (2 events):
Event: 0.779 GC heap before
{Heap before GC invocations=0 (full 0):
 garbage-first heap   total 262144K, used 23552K [0x0000000700c00000, 0x0000000800000000)
  region size 1024K, 24 young (24576K), 0 survivors (0K)
 Metaspace       used 10289K, capacity 10396K, committed 10496K, reserved 1058816K
  class space    used 941K, capacity 993K, committed 1024K, reserved 1048576K
}
Event: 0.782 GC heap after
{Heap after GC invocations=1 (full 0):
 garbage-first heap   total 262144K, used 1934K [0x0000000700c00000, 0x0000000800000000)
  region size 1024K, 2 young (2048K), 2 survivors (2048K)
 Metaspace       used 10289K, capacity 10396K, committed 10496K, reserved 1058816K
  class space    used 941K, capacity 993K, committed 1024K, reserved 1048576K
}

Deoptimization events (20 events):
Event: 1.818 Thread 0x0000020220e4c000 DEOPT PACKING pc=0x000002020b5c9448 sp=0x0000003b1affe080
Event: 1.818 Thread 0x0000020220e4c000 DEOPT UNPACKING pc=0x0000020203a9a1af sp=0x0000003b1affe030 mode 2
Event: 1.822 Thread 0x000002027dd38000 Uncommon trap: trap_request=0xffffff4d fr.pc=0x000002020b599dbc relative=0x00000000000003dc
Event: 1.822 Thread 0x000002027dd38000 Uncommon trap: reason=unstable_if action=reinterpret pc=0x000002020b599dbc method=com.badlogic.gdx.assets.AssetManager.finishLoading()V @ 13 c2
Event: 1.822 Thread 0x000002027dd38000 DEOPT PACKING pc=0x000002020b599dbc sp=0x0000003b196fee10
Event: 1.822 Thread 0x000002027dd38000 DEOPT UNPACKING pc=0x0000020203a9a1af sp=0x0000003b196fede0 mode 2
Event: 2.914 Thread 0x000002027dd38000 DEOPT PACKING pc=0x000002020426f71b sp=0x0000003b196fef70
Event: 2.914 Thread 0x000002027dd38000 DEOPT UNPACKING pc=0x0000020203a9a95e sp=0x0000003b196fe4b8 mode 0
Event: 3.688 Thread 0x000002027dd38000 Uncommon trap: trap_request=0xffffff4d fr.pc=0x000002020b556fac relative=0x000000000000018c
Event: 3.688 Thread 0x000002027dd38000 Uncommon trap: reason=unstable_if action=reinterpret pc=0x000002020b556fac method=java.lang.String.equals(Ljava/lang/Object;)Z @ 27 c2
Event: 3.688 Thread 0x000002027dd38000 DEOPT PACKING pc=0x000002020b556fac sp=0x0000003b196fec00
Event: 3.688 Thread 0x000002027dd38000 DEOPT UNPACKING pc=0x0000020203a9a1af sp=0x0000003b196feba0 mode 2
Event: 3.688 Thread 0x000002027dd38000 Uncommon trap: trap_request=0xffffff4d fr.pc=0x000002020b521778 relative=0x0000000000000058
Event: 3.688 Thread 0x000002027dd38000 Uncommon trap: reason=unstable_if action=reinterpret pc=0x000002020b521778 method=java.lang.String.isLatin1()Z @ 10 c2
Event: 3.688 Thread 0x000002027dd38000 DEOPT PACKING pc=0x000002020b521778 sp=0x0000003b196febb0
Event: 3.688 Thread 0x000002027dd38000 DEOPT UNPACKING pc=0x0000020203a9a1af sp=0x0000003b196feb40 mode 2
Event: 3.691 Thread 0x000002027dd38000 Uncommon trap: trap_request=0xffffff4d fr.pc=0x000002020b5d923c relative=0x0000000000000c7c
Event: 3.691 Thread 0x000002027dd38000 Uncommon trap: reason=unstable_if action=reinterpret pc=0x000002020b5d923c method=java.io.BufferedReader.readLine(Z)Ljava/lang/String; @ 153 c2
Event: 3.691 Thread 0x000002027dd38000 DEOPT PACKING pc=0x000002020b5d923c sp=0x0000003b196fe9d0
Event: 3.691 Thread 0x000002027dd38000 DEOPT UNPACKING pc=0x0000020203a9a1af sp=0x0000003b196fe980 mode 2

Classes redefined (0 events):
No events

Internal exceptions (20 events):
Event: 0.958 Thread 0x000002027dd38000 Exception <a 'java/security/PrivilegedActionException'{0x0000000710461278}> (0x0000000710461278) thrown at [./src/hotspot/share/prims/jvm.cpp, line 1306]
Event: 0.958 Thread 0x000002027dd38000 Exception <a 'java/security/PrivilegedActionException'{0x0000000710461548}> (0x0000000710461548) thrown at [./src/hotspot/share/prims/jvm.cpp, line 1306]
Event: 0.991 Thread 0x000002027dd38000 Exception <a 'java/lang/NoSuchMethodError'{0x00000007104ad7f8}: 'java.lang.Object java.lang.invoke.DirectMethodHandle$Holder.invokeStatic(java.lang.Object, long)'> (0x00000007104ad7f8) thrown at [./src/hotspot/share/interpreter/linkResolver.cpp, line 773]
Event: 0.992 Thread 0x000002027dd38000 Exception <a 'java/lang/NoSuchMethodError'{0x00000007104b0878}: 'java.lang.Object java.lang.invoke.DirectMethodHandle$Holder.invokeSpecial(java.lang.Object, java.lang.Object, long)'> (0x00000007104b0878) thrown at [./src/hotspot/share/interpreter/linkResolver.cpp, line 773]
Event: 0.992 Thread 0x000002027dd38000 Exception <a 'java/lang/NoSuchMethodError'{0x00000007104b3338}: 'java.lang.Object java.lang.invoke.Invokers$Holder.linkToTargetMethod(long, java.lang.Object)'> (0x00000007104b3338) thrown at [./src/hotspot/share/interpreter/linkResolver.cpp, line 773]
Event: 0.992 Thread 0x000002027dd38000 Exception <a 'java/security/PrivilegedActionException'{0x00000007104b9e90}> (0x00000007104b9e90) thrown at [./src/hotspot/share/prims/jvm.cpp, line 1306]
Event: 0.992 Thread 0x000002027dd38000 Exception <a 'java/security/PrivilegedActionException'{0x00000007104ba160}> (0x00000007104ba160) thrown at [./src/hotspot/share/prims/jvm.cpp, line 1306]
Event: 1.361 Thread 0x000002027dd38000 Exception <a 'sun/nio/fs/WindowsException'{0x000000071027bc90}> (0x000000071027bc90) thrown at [./src/hotspot/share/prims/jni.cpp, line 615]
Event: 1.361 Thread 0x000002027dd38000 Exception <a 'sun/nio/fs/WindowsException'{0x000000071027bd10}> (0x000000071027bd10) thrown at [./src/hotspot/share/prims/jni.cpp, line 615]
Event: 1.361 Thread 0x000002027dd38000 Exception <a 'sun/nio/fs/WindowsException'{0x000000071027c840}> (0x000000071027c840) thrown at [./src/hotspot/share/prims/jni.cpp, line 615]
Event: 1.362 Thread 0x000002027dd38000 Exception <a 'sun/nio/fs/WindowsException'{0x0000000710104cd8}> (0x0000000710104cd8) thrown at [./src/hotspot/share/prims/jni.cpp, line 615]
Event: 1.365 Thread 0x000002027dd38000 Exception <a 'sun/nio/fs/WindowsException'{0x00000007101079d0}> (0x00000007101079d0) thrown at [./src/hotspot/share/prims/jni.cpp, line 615]
Event: 1.365 Thread 0x000002027dd38000 Exception <a 'sun/nio/fs/WindowsException'{0x0000000710107a50}> (0x0000000710107a50) thrown at [./src/hotspot/share/prims/jni.cpp, line 615]
Event: 1.369 Thread 0x000002027dd38000 Exception <a 'sun/nio/fs/WindowsException'{0x0000000710129e80}> (0x0000000710129e80) thrown at [./src/hotspot/share/prims/jni.cpp, line 615]
Event: 1.369 Thread 0x000002027dd38000 Exception <a 'sun/nio/fs/WindowsException'{0x0000000710129f00}> (0x0000000710129f00) thrown at [./src/hotspot/share/prims/jni.cpp, line 615]
Event: 1.431 Thread 0x000002027dd38000 Exception <a 'java/security/PrivilegedActionException'{0x00000007100aa7d8}> (0x00000007100aa7d8) thrown at [./src/hotspot/share/prims/jvm.cpp, line 1306]
Event: 1.431 Thread 0x000002027dd38000 Exception <a 'java/security/PrivilegedActionException'{0x00000007100aaaa8}> (0x00000007100aaaa8) thrown at [./src/hotspot/share/prims/jvm.cpp, line 1306]
Event: 1.844 Thread 0x000002027dd38000 Exception <a 'java/security/PrivilegedActionException'{0x000000070edf80f8}> (0x000000070edf80f8) thrown at [./src/hotspot/share/prims/jvm.cpp, line 1306]
Event: 1.844 Thread 0x000002027dd38000 Exception <a 'java/security/PrivilegedActionException'{0x000000070edf83c8}> (0x000000070edf83c8) thrown at [./src/hotspot/share/prims/jvm.cpp, line 1306]
Event: 2.706 Thread 0x0000020220e4e000 Exception <a 'java/lang/NullPointerException'{0x00000007103a93e0}> (0x00000007103a93e0) thrown at [./src/hotspot/share/interpreter/linkResolver.cpp, line 1358]

Events (20 events):
Event: 3.706 loading class com/mygdx/tanks2d/ParticleEffect/Garbage
Event: 3.706 loading class com/mygdx/tanks2d/ParticleEffect/Garbage done
Event: 3.707 loading class com/mygdx/tanks2d/ParticleEffect/StereoSmoke/Point_of_fire
Event: 3.707 loading class com/mygdx/tanks2d/ParticleEffect/StereoSmoke/Point_of_fire done
Event: 3.707 loading class com/mygdx/tanks2d/ParticleEffect/StereoSmoke/Falling_element
Event: 3.707 loading class com/mygdx/tanks2d/ParticleEffect/StereoSmoke/Falling_element done
Event: 3.708 loading class com/mygdx/tanks2d/ParticleEffect/StereoSmoke/Smoke_element
Event: 3.708 loading class com/mygdx/tanks2d/ParticleEffect/StereoSmoke/Smoke_element done
Event: 3.708 loading class com/mygdx/tanks2d/ParticleEffect/Explosion_Death
Event: 3.708 loading class com/mygdx/tanks2d/ParticleEffect/Explosion_Death done
Event: 3.708 loading class com/mygdx/tanks2d/ParticleEffect/ParticleSmoke
Event: 3.708 loading class com/mygdx/tanks2d/ParticleEffect/ParticleSmoke done
Event: 3.709 loading class com/mygdx/tanks2d/ParticleEffect/PasricalExplosion
Event: 3.709 loading class com/mygdx/tanks2d/ParticleEffect/PasricalExplosion done
Event: 3.709 loading class com/mygdx/tanks2d/ParticleEffect/PasricalExplosionBigParameter
Event: 3.709 loading class com/mygdx/tanks2d/ParticleEffect/PasricalExplosionBigParameter done
Event: 3.709 loading class com/mygdx/tanks2d/ParticleEffect/StereoSmoke/PasricalDeathSmoke
Event: 3.709 loading class com/mygdx/tanks2d/ParticleEffect/StereoSmoke/PasricalDeathSmoke done
Event: 3.710 loading class com/mygdx/tanks2d/ParticleEffect/StereoSmoke/Flying_stereo_elements_base
Event: 3.710 loading class com/mygdx/tanks2d/ParticleEffect/StereoSmoke/Flying_stereo_elements_base done


Dynamic libraries:
0x00007ff7781f0000 - 0x00007ff7781fa000 	C:\Program Files\Android\Android Studio\jre\bin\java.exe
0x00007ffacfb30000 - 0x00007ffacfd25000 	C:\Windows\SYSTEM32\ntdll.dll
0x00007ffacf230000 - 0x00007ffacf2ed000 	C:\Windows\System32\KERNEL32.DLL
0x00007ffacd7c0000 - 0x00007ffacda88000 	C:\Windows\System32\KERNELBASE.dll
0x00007ffacd4b0000 - 0x00007ffacd5b0000 	C:\Windows\System32\ucrtbase.dll
0x00007ffac20b0000 - 0x00007ffac20c9000 	C:\Program Files\Android\Android Studio\jre\bin\jli.dll
0x00007ffac5d30000 - 0x00007ffac5d47000 	C:\Program Files\Android\Android Studio\jre\bin\VCRUNTIME140.dll
0x00007fface790000 - 0x00007fface930000 	C:\Windows\System32\USER32.dll
0x00007ffab9140000 - 0x00007ffab93da000 	C:\Windows\WinSxS\amd64_microsoft.windows.common-controls_6595b64144ccf1df_6.0.19041.1052_none_60b8f8fd71f5e8cb\COMCTL32.dll
0x00007ffacda90000 - 0x00007ffacdab2000 	C:\Windows\System32\win32u.dll
0x00007ffacece0000 - 0x00007ffaced0a000 	C:\Windows\System32\GDI32.dll
0x00007fface2e0000 - 0x00007fface37e000 	C:\Windows\System32\msvcrt.dll
0x00007ffacd270000 - 0x00007ffacd37b000 	C:\Windows\System32\gdi32full.dll
0x00007ffacd380000 - 0x00007ffacd41d000 	C:\Windows\System32\msvcp_win.dll
0x00007fface380000 - 0x00007fface3b0000 	C:\Windows\System32\IMM32.DLL
0x00007ffab22e0000 - 0x00007ffab237d000 	C:\Program Files\Android\Android Studio\jre\bin\msvcp140.dll
0x00007ffa981b0000 - 0x00007ffa98c95000 	C:\Program Files\Android\Android Studio\jre\bin\server\jvm.dll
0x00007ffacee50000 - 0x00007ffaceefc000 	C:\Windows\System32\ADVAPI32.dll
0x00007fface930000 - 0x00007fface9cb000 	C:\Windows\System32\sechost.dll
0x00007ffaced20000 - 0x00007ffacee4b000 	C:\Windows\System32\RPCRT4.dll
0x00007ffaced10000 - 0x00007ffaced18000 	C:\Windows\System32\PSAPI.DLL
0x00007ffac8cf0000 - 0x00007ffac8cf9000 	C:\Windows\SYSTEM32\WSOCK32.dll
0x00007ffacf400000 - 0x00007ffacf46b000 	C:\Windows\System32\WS2_32.dll
0x00007ffac0440000 - 0x00007ffac0467000 	C:\Windows\SYSTEM32\WINMM.dll
0x00007ffac83c0000 - 0x00007ffac83ca000 	C:\Windows\SYSTEM32\VERSION.dll
0x00007ffacb1e0000 - 0x00007ffacb1f2000 	C:\Windows\SYSTEM32\kernel.appcore.dll
0x00007ffac0cd0000 - 0x00007ffac0ce1000 	C:\Program Files\Android\Android Studio\jre\bin\verify.dll
0x00007ffabce70000 - 0x00007ffabd054000 	C:\Windows\SYSTEM32\DBGHELP.DLL
0x00007ffab6290000 - 0x00007ffab62bc000 	C:\Windows\SYSTEM32\dbgcore.DLL
0x00007ffacd420000 - 0x00007ffacd4a3000 	C:\Windows\System32\bcryptPrimitives.dll
0x00007ffabd8a0000 - 0x00007ffabd8c9000 	C:\Program Files\Android\Android Studio\jre\bin\java.dll
0x00007ffac0cc0000 - 0x00007ffac0ccb000 	C:\Program Files\Android\Android Studio\jre\bin\jimage.dll
0x00007ffabd880000 - 0x00007ffabd898000 	C:\Program Files\Android\Android Studio\jre\bin\zip.dll
0x00007ffacdba0000 - 0x00007fface2df000 	C:\Windows\System32\SHELL32.dll
0x00007ffacb3e0000 - 0x00007ffacbb70000 	C:\Windows\SYSTEM32\windows.storage.dll
0x00007fface3b0000 - 0x00007fface705000 	C:\Windows\System32\combase.dll
0x00007ffaccc10000 - 0x00007ffaccc3c000 	C:\Windows\SYSTEM32\Wldp.dll
0x00007ffacf110000 - 0x00007ffacf1be000 	C:\Windows\System32\SHCORE.dll
0x00007ffacfa90000 - 0x00007ffacfae5000 	C:\Windows\System32\shlwapi.dll
0x00007ffacd1b0000 - 0x00007ffacd1cf000 	C:\Windows\SYSTEM32\profapi.dll
0x00007ffab8700000 - 0x00007ffab871a000 	C:\Program Files\Android\Android Studio\jre\bin\net.dll
0x00007ffac7ad0000 - 0x00007ffac7bdb000 	C:\Windows\SYSTEM32\WINHTTP.dll
0x00007ffacc980000 - 0x00007ffacc9ea000 	C:\Windows\system32\mswsock.dll
0x00007ffab86e0000 - 0x00007ffab86f4000 	C:\Program Files\Android\Android Studio\jre\bin\nio.dll
0x00007ffaccb50000 - 0x00007ffaccb68000 	C:\Windows\SYSTEM32\CRYPTSP.dll
0x00007ffacc320000 - 0x00007ffacc354000 	C:\Windows\system32\rsaenh.dll
0x00007ffacdac0000 - 0x00007ffacdae7000 	C:\Windows\System32\bcrypt.dll
0x00007ffacd130000 - 0x00007ffacd15e000 	C:\Windows\SYSTEM32\USERENV.dll
0x00007ffaccb70000 - 0x00007ffaccb7c000 	C:\Windows\SYSTEM32\CRYPTBASE.dll
0x00007ffacc670000 - 0x00007ffacc6ab000 	C:\Windows\SYSTEM32\IPHLPAPI.DLL
0x00007ffacf220000 - 0x00007ffacf228000 	C:\Windows\System32\NSI.dll
0x00007ffac83a0000 - 0x00007ffac83b7000 	C:\Windows\SYSTEM32\dhcpcsvc6.DLL
0x00007ffac8340000 - 0x00007ffac835d000 	C:\Windows\SYSTEM32\dhcpcsvc.DLL
0x00007ffacc6b0000 - 0x00007ffacc77c000 	C:\Windows\SYSTEM32\DNSAPI.dll
0x0000000053130000 - 0x0000000053159000 	C:\Temp\libgdxvik\e787ab0a\gdx64.dll
0x00007ffab2090000 - 0x00007ffab2105000 	C:\Temp\lwjglvik\3.3.1-build-7\lwjgl.dll
0x00007ffa948a0000 - 0x00007ffa94af9000 	C:\Temp\lwjglvik\3.3.1-build-7\jemalloc.dll
0x00007ffab2020000 - 0x00007ffab2081000 	C:\Temp\lwjglvik\3.3.1-build-7\glfw.dll
0x00007ffab1fd0000 - 0x00007ffab2015000 	C:\Windows\SYSTEM32\dinput8.dll
0x00007ffa974c0000 - 0x00007ffa974d1000 	C:\Windows\SYSTEM32\xinput1_4.dll
0x00007ffacdaf0000 - 0x00007ffacdb3e000 	C:\Windows\System32\cfgmgr32.dll
0x00007ffaccfb0000 - 0x00007ffaccfdc000 	C:\Windows\SYSTEM32\DEVOBJ.dll
0x00007ffacb0d0000 - 0x00007ffacb0ff000 	C:\Windows\SYSTEM32\dwmapi.dll
0x00007ffac0560000 - 0x00007ffac06b2000 	C:\Windows\SYSTEM32\inputhost.dll
0x00007ffaceae0000 - 0x00007ffacebad000 	C:\Windows\System32\OLEAUT32.dll
0x00007ffaca9f0000 - 0x00007ffacaae2000 	C:\Windows\SYSTEM32\CoreMessaging.dll
0x00007ffac9f70000 - 0x00007ffaca0c4000 	C:\Windows\SYSTEM32\wintypes.dll
0x00007ffac6490000 - 0x00007ffac6586000 	C:\Windows\SYSTEM32\PROPSYS.dll
0x00007ffaca690000 - 0x00007ffaca9ee000 	C:\Windows\SYSTEM32\CoreUIComponents.dll
0x00007ffacbfb0000 - 0x00007ffacbfe3000 	C:\Windows\SYSTEM32\ntmarta.dll
0x00007ffacad20000 - 0x00007ffacadbe000 	C:\Windows\system32\uxtheme.dll
0x00007ffacebb0000 - 0x00007ffacecc5000 	C:\Windows\System32\MSCTF.dll
0x00007ffa95c40000 - 0x00007ffa95dd7000 	C:\Temp\lwjglvik\3.3.1-build-7\OpenAL.dll
0x00007ffacef00000 - 0x00007ffacf02a000 	C:\Windows\System32\ole32.dll
0x00007ffacf2f0000 - 0x00007ffacf399000 	C:\Windows\System32\clbcatq.dll
0x00007ffac7ea0000 - 0x00007ffac7f25000 	C:\Windows\System32\MMDevApi.dll
0x00007ffac2500000 - 0x00007ffac2681000 	C:\Windows\SYSTEM32\AUDIOSES.DLL
0x00007ffacd030000 - 0x00007ffacd07b000 	C:\Windows\SYSTEM32\powrprof.dll
0x00007ffacd010000 - 0x00007ffacd022000 	C:\Windows\SYSTEM32\UMPDC.dll
0x00007ffacadc0000 - 0x00007ffacadd4000 	C:\Windows\SYSTEM32\resourcepolicyclient.dll
0x00007ffa9a5b0000 - 0x00007ffa9a6d6000 	C:\Windows\SYSTEM32\opengl32.dll
0x00007ffab1160000 - 0x00007ffab118c000 	C:\Windows\SYSTEM32\GLU32.dll
0x00007ffac85a0000 - 0x00007ffac8699000 	C:\Windows\System32\AppXDeploymentClient.dll
0x00007ffa916e0000 - 0x00007ffa94899000 	C:\Windows\System32\DriverStore\FileRepository\nv_dispig.inf_amd64_47917a79b8c7fd22\nvoglv64.dll
0x00007ffacf470000 - 0x00007ffacf8d9000 	C:\Windows\System32\SETUPAPI.dll
0x00007ffac8740000 - 0x00007ffac8754000 	C:\Windows\SYSTEM32\WTSAPI32.dll
0x00007ffaccdf0000 - 0x00007ffacce02000 	C:\Windows\SYSTEM32\msasn1.dll
0x00007ffac8360000 - 0x00007ffac8391000 	C:\Windows\SYSTEM32\cryptnet.dll
0x00007ffacd5b0000 - 0x00007ffacd70f000 	C:\Windows\System32\CRYPT32.dll
0x00007ffac7fa0000 - 0x00007ffac80ea000 	C:\Windows\SYSTEM32\drvstore.dll
0x00007ffacdb40000 - 0x00007ffacdba0000 	C:\Windows\System32\WINTRUST.dll
0x00007ffac0300000 - 0x00007ffac033b000 	C:\Windows\SYSTEM32\dxcore.dll
0x00007ffaccc80000 - 0x00007ffacccda000 	C:\Windows\SYSTEM32\WINSTA.dll
0x00007ffab1f70000 - 0x00007ffab1fcd000 	C:\Temp\lwjglvik\3.3.1-build-7\lwjgl_opengl.dll
0x00007ffac06c0000 - 0x00007ffac07b9000 	C:\Windows\SYSTEM32\textinputframework.dll

dbghelp: loaded successfully - version: 4.0.5 - missing functions: none
symbol engine: initialized successfully - sym options: 0x614 - pdb path: .;C:\Program Files\Android\Android Studio\jre\bin;C:\Windows\SYSTEM32;C:\Windows\WinSxS\amd64_microsoft.windows.common-controls_6595b64144ccf1df_6.0.19041.1052_none_60b8f8fd71f5e8cb;C:\Program Files\Android\Android Studio\jre\bin\server;C:\Temp\libgdxvik\e787ab0a;C:\Temp\lwjglvik\3.3.1-build-7;C:\Windows\System32\DriverStore\FileRepository\nv_dispig.inf_amd64_47917a79b8c7fd22

VM Arguments:
jvm_args: -Dfile.encoding=windows-1251 -Duser.country=RU -Duser.language=ru -Duser.variant 
java_command: com.mygdx.tanks2d.DesktopLauncher
java_class_path (initial): C:\game_dev\BT_BEST\desktop\build\classes\java\main;C:\game_dev\BT_BEST\desktop\build\resources\main;C:\Users\vik\.gradle\caches\modules-2\files-2.1\com.badlogicgames.gdx\gdx-backend-lwjgl3\1.11.0\58a96db4cd349be4292d547856aa1e1c5f065f4e\gdx-backend-lwjgl3-1.11.0.jar;C:\Users\vik\.gradle\caches\modules-2\files-2.1\com.badlogicgames.gdx\gdx-platform\1.11.0\697fb13eada6d3c6ca648c9788692b0159add126\gdx-platform-1.11.0-natives-desktop.jar;C:\Users\vik\.gradle\caches\modules-2\files-2.1\com.badlogicgames.gdx\gdx-freetype-platform\1.11.0\420e2c2c206843a0d51010be28a141a1eb946235\gdx-freetype-platform-1.11.0-natives-desktop.jar;C:\game_dev\BT_BEST\core\build\libs\core-1.0.jar;C:\Users\vik\.gradle\caches\modules-2\files-2.1\com.badlogicgames.gdx\gdx-freetype\1.11.0\a3634ad2e6c56d251268d6ab5c0f66eee2841f2c\gdx-freetype-1.11.0.jar;C:\Users\vik\.gradle\caches\modules-2\files-2.1\com.badlogicgames.gdx\gdx\1.11.0\ffe1206d1004cd9e40027e28964be0fea0399af7\gdx-1.11.0.jar;C:\Users\vik\.gradle\caches\modules-2\files-2.1\org.lwjgl\lwjgl-glfw\3.3.1\cbac1b8d30cb4795149c1ef540f912671a8616d0\lwjgl-glfw-3.3.1.jar;C:\Users\vik\.gradle\caches\modules-2\files-2.1\org.lwjgl\lwjgl-glfw\3.3.1\81716978214ecbda15050ca394b06ef61501a49e\lwjgl-glfw-3.3.1-natives-linux.jar;C:\Users\vik\.gradle\caches\modules-2\files-2.1\org.lwjgl\lwjgl-glfw\3.3.1\816d935933f2dd743074c4e717cc25b55720f294\lwjgl-glfw-3.3.1-natives-linux-arm32.jar;C:\Users\vik\.gradle\caches\modules-2\files-2.1\org.lwjgl\lwjgl-glfw\3.3.1\513eb39b866d0fe131a18d5c517087805433b029\lwjgl-glfw-3.3.1-natives-linux-arm64.jar;C:\Users\vik\.gradle\caches\modules-2\files-2.1\org.lwjgl\lwjgl-glfw\3.3.1\9ec4ce1fc8c85fdef03ef4ff2aace6f5775fb280\lwjgl-glfw-3.3.1-natives-macos.jar;C:\Users\vik\.gradle\caches\modules-2\files-2.1\org.lwjgl\lwjgl-glfw\3.3.1\cac0d3f712a3da7641fa174735a5f315de7ffe0a\lwjgl-glfw-3.3.1-natives-macos-arm64.jar;C:\Users\vik\.gradle\caches\modules-2\files-2.1\org.lwjgl\lwjgl-glfw\3.3.1\ed892f945cf7e79c8
Launcher Type: SUN_STANDARD

[Global flags]
     intx CICompilerCount                          = 4                                         {product} {ergonomic}
     uint ConcGCThreads                            = 3                                         {product} {ergonomic}
     uint G1ConcRefinementThreads                  = 10                                        {product} {ergonomic}
   size_t G1HeapRegionSize                         = 1048576                                   {product} {ergonomic}
    uintx GCDrainStackTargetSize                   = 64                                        {product} {ergonomic}
   size_t InitialHeapSize                          = 268435456                                 {product} {ergonomic}
   size_t MarkStackSize                            = 4194304                                   {product} {ergonomic}
   size_t MaxHeapSize                              = 4282384384                                {product} {ergonomic}
   size_t MaxNewSize                               = 2569011200                                {product} {ergonomic}
   size_t MinHeapDeltaBytes                        = 1048576                                   {product} {ergonomic}
    uintx NonNMethodCodeHeapSize                   = 5836300                                {pd product} {ergonomic}
    uintx NonProfiledCodeHeapSize                  = 122910970                              {pd product} {ergonomic}
    uintx ProfiledCodeHeapSize                     = 122910970                              {pd product} {ergonomic}
    uintx ReservedCodeCacheSize                    = 251658240                              {pd product} {ergonomic}
     bool SegmentedCodeCache                       = true                                      {product} {ergonomic}
     bool UseCompressedClassPointers               = true                                 {lp64_product} {ergonomic}
     bool UseCompressedOops                        = true                                 {lp64_product} {ergonomic}
     bool UseG1GC                                  = true                                      {product} {ergonomic}
     bool UseLargePagesIndividualAllocation        = false                                  {pd product} {ergonomic}

Logging:
Log output configuration:
 #0: stdout all=warning uptime,level,tags
 #1: stderr all=off uptime,level,tags

Environment Variables:
PATH=C:\Program Files (x86)\Common Files\Oracle\Java\javapath;C:\Windows\system32;C:\Windows;C:\Windows\System32\Wbem;C:\Windows\System32\WindowsPowerShell\v1.0\;C:\Program Files\Git\cmd;C:\Program Files (x86)\NVIDIA Corporation\PhysX\Common;C:\Program Files\PuTTY\;C:\Users\vik\AppData\Local\Microsoft\WindowsApps;
USERNAME=vik
OS=Windows_NT
PROCESSOR_IDENTIFIER=AMD64 Family 23 Model 1 Stepping 1, AuthenticAMD



---------------  S Y S T E M  ---------------

OS: Windows 10 , 64 bit Build 19041 (10.0.19041.1023)
OS uptime: 0 days 3:06 hours

CPU:total 12 (initial active 12) (12 cores per cpu, 2 threads per core) family 23 model 1 stepping 1 microcode 0x0, cmov, cx8, fxsr, mmx, sse, sse2, sse3, ssse3, sse4.1, sse4.2, popcnt, avx, avx2, aes, clmul, mmxext, 3dnowpref, lzcnt, sse4a, ht, tsc, tscinvbit, tscinv, bmi1, bmi2, adx, sha, fma

Memory: 4k page, system-wide physical 16332M (7822M free)
TotalPageFile size 18764M (AvailPageFile size 8712M)
current process WorkingSet (physical memory assigned to process): 187M, peak: 187M
current process commit charge ("private bytes"): 472M, peak: 472M

vm_info: OpenJDK 64-Bit Server VM (11.0.12+7-b1504.28-7817840) for windows-amd64 JRE (11.0.12+7-b1504.28-7817840), built on Oct 13 2021 22:12:33 by "builder" with MS VC++ 14.0 (VS2015)

END.
